# JRE version: OpenJDK Runtime Environment (8.0_121-b13) (build 1.8.0_121-8u121-b13-0ubuntu1.16.04.2-b13)
# Java VM: OpenJDK 64-Bit Server VM (25.121-b13 mixed mode linux-amd64 compressed oops)
Heap:
 def new generation   total 17856K, used 1826K [0x00000000c0000000, 0x00000000c1350000, 0x00000000d5550000)
  eden space 15936K,  11% used [0x00000000c0000000, 0x00000000c01c8920, 0x00000000c0f90000)
  from space 1920K,   0% used [0x00000000c1170000, 0x00000000c1170000, 0x00000000c1350000)
  to   space 1920K,   0% used [0x00000000c0f90000, 0x00000000c0f90000, 0x00000000c1170000)
 tenured generation   total 40448K, used 40440K [0x00000000d5550000, 0x00000000d7cd0000, 0x0000000100000000)
   the space 40448K,  99% used [0x00000000d5550000, 0x00000000d7cce1e0, 0x00000000d7cce200, 0x00000000d7cd0000)
 Metaspace       used 46255K, capacity 46734K, committed 46976K, reserved 1089536K
  class space    used 6309K, capacity 6463K, committed 6528K, reserved 1048576K
GC Heap History (10 events):
Event: 20.847 GC heap after
Heap after GC invocations=390 (full 5):
 def new generation   total 17856K, used 1919K [0x00000000c0000000, 0x00000000c1350000, 0x00000000d5550000)
  eden space 15936K,   0% used [0x00000000c0000000, 0x00000000c0000000, 0x00000000c0f90000)
  from space 1920K,  99% used [0x00000000c0f90000, 0x00000000c116ff08, 0x00000000c1170000)
  to   space 1920K,   0% used [0x00000000c1170000, 0x00000000c1170000, 0x00000000c1350000)
 tenured generation   total 39488K, used 30234K [0x00000000d5550000, 0x00000000d7be0000, 0x0000000100000000)
   the space 39488K,  76% used [0x00000000d5550000, 0x00000000d72d6928, 0x00000000d72d6a00, 0x00000000d7be0000)
 Metaspace       used 46229K, capacity 46734K, committed 46976K, reserved 1089536K
  class space    used 6309K, capacity 6463K, committed 6528K, reserved 1048576K
}
Event: 20.976 GC heap before
{Heap before GC invocations=390 (full 5):
 def new generation   total 17856K, used 17855K [0x00000000c0000000, 0x00000000c1350000, 0x00000000d5550000)
  eden space 15936K, 100% used [0x00000000c0000000, 0x00000000c0f90000, 0x00000000c0f90000)
  from space 1920K,  99% used [0x00000000c0f90000, 0x00000000c116ff08, 0x00000000c1170000)
  to   space 1920K,   0% used [0x00000000c1170000, 0x00000000c1170000, 0x00000000c1350000)
 tenured generation   total 39488K, used 30234K [0x00000000d5550000, 0x00000000d7be0000, 0x0000000100000000)
   the space 39488K,  76% used [0x00000000d5550000, 0x00000000d72d6928, 0x00000000d72d6a00, 0x00000000d7be0000)
 Metaspace       used 46230K, capacity 46734K, committed 46976K, reserved 1089536K
  class space    used 6309K, capacity 6463K, committed 6528K, reserved 1048576K
Event: 20.986 GC heap after
Heap after GC invocations=391 (full 5):
 def new generation   total 17856K, used 1919K [0x00000000c0000000, 0x00000000c1350000, 0x00000000d5550000)
  eden space 15936K,   0% used [0x00000000c0000000, 0x00000000c0000000, 0x00000000c0f90000)
  from space 1920K,  99% used [0x00000000c1170000, 0x00000000c134ffd8, 0x00000000c1350000)
  to   space 1920K,   0% used [0x00000000c0f90000, 0x00000000c0f90000, 0x00000000c1170000)
 tenured generation   total 39488K, used 32154K [0x00000000d5550000, 0x00000000d7be0000, 0x0000000100000000)
   the space 39488K,  81% used [0x00000000d5550000, 0x00000000d74b6818, 0x00000000d74b6a00, 0x00000000d7be0000)
 Metaspace       used 46230K, capacity 46734K, committed 46976K, reserved 1089536K
  class space    used 6309K, capacity 6463K, committed 6528K, reserved 1048576K
}
Event: 21.125 GC heap before
{Heap before GC invocations=391 (full 5):
 def new generation   total 17856K, used 17855K [0x00000000c0000000, 0x00000000c1350000, 0x00000000d5550000)
  eden space 15936K, 100% used [0x00000000c0000000, 0x00000000c0f90000, 0x00000000c0f90000)
  from space 1920K,  99% used [0x00000000c1170000, 0x00000000c134ffd8, 0x00000000c1350000)
  to   space 1920K,   0% used [0x00000000c0f90000, 0x00000000c0f90000, 0x00000000c1170000)
 tenured generation   total 39488K, used 32154K [0x00000000d5550000, 0x00000000d7be0000, 0x0000000100000000)
   the space 39488K,  81% used [0x00000000d5550000, 0x00000000d74b6818, 0x00000000d74b6a00, 0x00000000d7be0000)
 Metaspace       used 46252K, capacity 46734K, committed 46976K, reserved 1089536K
  class space    used 6309K, capacity 6463K, committed 6528K, reserved 1048576K
Event: 21.135 GC heap after
Heap after GC invocations=392 (full 5):
 def new generation   total 17856K, used 1919K [0x00000000c0000000, 0x00000000c1350000, 0x00000000d5550000)
  eden space 15936K,   0% used [0x00000000c0000000, 0x00000000c0000000, 0x00000000c0f90000)
  from space 1920K,  99% used [0x00000000c0f90000, 0x00000000c116fec0, 0x00000000c1170000)
  to   space 1920K,   0% used [0x00000000c1170000, 0x00000000c1170000, 0x00000000c1350000)
 tenured generation   total 39488K, used 34074K [0x00000000d5550000, 0x00000000d7be0000, 0x0000000100000000)
   the space 39488K,  86% used [0x00000000d5550000, 0x00000000d7696a28, 0x00000000d7696c00, 0x00000000d7be0000)
 Metaspace       used 46252K, capacity 46734K, committed 46976K, reserved 1089536K
  class space    used 6309K, capacity 6463K, committed 6528K, reserved 1048576K
}
Event: 21.260 GC heap before
{Heap before GC invocations=392 (full 5):
 def new generation   total 17856K, used 17855K [0x00000000c0000000, 0x00000000c1350000, 0x00000000d5550000)
  eden space 15936K, 100% used [0x00000000c0000000, 0x00000000c0f90000, 0x00000000c0f90000)
  from space 1920K,  99% used [0x00000000c0f90000, 0x00000000c116fec0, 0x00000000c1170000)
  to   space 1920K,   0% used [0x00000000c1170000, 0x00000000c1170000, 0x00000000c1350000)
 tenured generation   total 39488K, used 34074K [0x00000000d5550000, 0x00000000d7be0000, 0x0000000100000000)
   the space 39488K,  86% used [0x00000000d5550000, 0x00000000d7696a28, 0x00000000d7696c00, 0x00000000d7be0000)
 Metaspace       used 46252K, capacity 46734K, committed 46976K, reserved 1089536K
  class space    used 6309K, capacity 6463K, committed 6528K, reserved 1048576K
Event: 21.272 GC heap after
Heap after GC invocations=393 (full 5):
 def new generation   total 17856K, used 1919K [0x00000000c0000000, 0x00000000c1350000, 0x00000000d5550000)
  eden space 15936K,   0% used [0x00000000c0000000, 0x00000000c0000000, 0x00000000c0f90000)
  from space 1920K,  99% used [0x00000000c1170000, 0x00000000c134ff08, 0x00000000c1350000)
  to   space 1920K,   0% used [0x00000000c0f90000, 0x00000000c0f90000, 0x00000000c1170000)
 tenured generation   total 39488K, used 36270K [0x00000000d5550000, 0x00000000d7be0000, 0x0000000100000000)
   the space 39488K,  91% used [0x00000000d5550000, 0x00000000d78bbab8, 0x00000000d78bbc00, 0x00000000d7be0000)
 Metaspace       used 46252K, capacity 46734K, committed 46976K, reserved 1089536K
  class space    used 6309K, capacity 6463K, committed 6528K, reserved 1048576K
}
Event: 21.412 GC heap before
{Heap before GC invocations=393 (full 5):
 def new generation   total 17856K, used 17855K [0x00000000c0000000, 0x00000000c1350000, 0x00000000d5550000)
  eden space 15936K, 100% used [0x00000000c0000000, 0x00000000c0f90000, 0x00000000c0f90000)
  from space 1920K,  99% used [0x00000000c1170000, 0x00000000c134ff08, 0x00000000c1350000)
  to   space 1920K,   0% used [0x00000000c0f90000, 0x00000000c0f90000, 0x00000000c1170000)
 tenured generation   total 39488K, used 36270K [0x00000000d5550000, 0x00000000d7be0000, 0x0000000100000000)
   the space 39488K,  91% used [0x00000000d5550000, 0x00000000d78bbab8, 0x00000000d78bbc00, 0x00000000d7be0000)
 Metaspace       used 46252K, capacity 46734K, committed 46976K, reserved 1089536K
  class space    used 6309K, capacity 6463K, committed 6528K, reserved 1048576K
Event: 21.421 GC heap after
Heap after GC invocations=394 (full 5):
 def new generation   total 17856K, used 1919K [0x00000000c0000000, 0x00000000c1350000, 0x00000000d5550000)
  eden space 15936K,   0% used [0x00000000c0000000, 0x00000000c0000000, 0x00000000c0f90000)
  from space 1920K,  99% used [0x00000000c0f90000, 0x00000000c116ffa8, 0x00000000c1170000)
  to   space 1920K,   0% used [0x00000000c1170000, 0x00000000c1170000, 0x00000000c1350000)
 tenured generation   total 39488K, used 38272K [0x00000000d5550000, 0x00000000d7be0000, 0x0000000100000000)
   the space 39488K,  96% used [0x00000000d5550000, 0x00000000d7ab03c0, 0x00000000d7ab0400, 0x00000000d7be0000)
 Metaspace       used 46252K, capacity 46734K, committed 46976K, reserved 1089536K
  class space    used 6309K, capacity 6463K, committed 6528K, reserved 1048576K
}
Event: 21.577 GC heap before
{Heap before GC invocations=394 (full 5):
 def new generation   total 17856K, used 17855K [0x00000000c0000000, 0x00000000c1350000, 0x00000000d5550000)
  eden space 15936K, 100% used [0x00000000c0000000, 0x00000000c0f90000, 0x00000000c0f90000)
  from space 1920K,  99% used [0x00000000c0f90000, 0x00000000c116ffa8, 0x00000000c1170000)
  to   space 1920K,   0% used [0x00000000c1170000, 0x00000000c1170000, 0x00000000c1350000)
 tenured generation   total 39488K, used 38272K [0x00000000d5550000, 0x00000000d7be0000, 0x0000000100000000)
   the space 39488K,  96% used [0x00000000d5550000, 0x00000000d7ab03c0, 0x00000000d7ab0400, 0x00000000d7be0000)
 Metaspace       used 46255K, capacity 46734K, committed 46976K, reserved 1089536K
  class space    used 6309K, capacity 6463K, committed 6528K, reserved 1048576K

